2020-10-21 10:34:35.868  INFO 2688 --- [main] c.e.u.c.SecondUserCenterApplication      : No active profile set, falling back to default profiles: default
2020-10-21 10:34:37.684  INFO 2688 --- [main] .s.d.r.c.RepositoryConfigurationDelegate : Multiple Spring Data modules found, entering strict repository configuration mode!
2020-10-21 10:34:37.687  INFO 2688 --- [main] .s.d.r.c.RepositoryConfigurationDelegate : Bootstrapping Spring Data repositories in DEFAULT mode.
2020-10-21 10:34:37.839  INFO 2688 --- [main] .s.d.r.c.RepositoryConfigurationDelegate : Finished Spring Data repository scanning in 126ms. Found 0 repository interfaces.
2020-10-21 10:34:38.226  INFO 2688 --- [main] o.s.cloud.context.scope.GenericScope     : BeanFactory id=2f495156-6dd9-36d4-9a3f-e47c301e3537
2020-10-21 10:34:38.272  INFO 2688 --- [main] trationDelegate$BeanPostProcessorChecker : Bean 'org.springframework.amqp.rabbit.annotation.RabbitBootstrapConfiguration' of type [org.springframework.amqp.rabbit.annotation.RabbitBootstrapConfiguration$$EnhancerBySpringCGLIB$$e6361b18] is not eligible for getting processed by all BeanPostProcessors (for example: not eligible for auto-proxying)
2020-10-21 10:34:38.321  INFO 2688 --- [main] trationDelegate$BeanPostProcessorChecker : Bean 'org.springframework.transaction.annotation.ProxyTransactionManagementConfiguration' of type [org.springframework.transaction.annotation.ProxyTransactionManagementConfiguration$$EnhancerBySpringCGLIB$$1fca5cea] is not eligible for getting processed by all BeanPostProcessors (for example: not eligible for auto-proxying)
2020-10-21 10:34:38.368  INFO 2688 --- [main] trationDelegate$BeanPostProcessorChecker : Bean 'org.springframework.security.config.annotation.configuration.ObjectPostProcessorConfiguration' of type [org.springframework.security.config.annotation.configuration.ObjectPostProcessorConfiguration$$EnhancerBySpringCGLIB$$b8782524] is not eligible for getting processed by all BeanPostProcessors (for example: not eligible for auto-proxying)
2020-10-21 10:34:38.374  INFO 2688 --- [main] trationDelegate$BeanPostProcessorChecker : Bean 'objectPostProcessor' of type [org.springframework.security.config.annotation.configuration.AutowireBeanFactoryObjectPostProcessor] is not eligible for getting processed by all BeanPostProcessors (for example: not eligible for auto-proxying)
2020-10-21 10:34:38.376  INFO 2688 --- [main] trationDelegate$BeanPostProcessorChecker : Bean 'org.springframework.security.access.expression.method.DefaultMethodSecurityExpressionHandler@1c7cd434' of type [org.springframework.security.access.expression.method.DefaultMethodSecurityExpressionHandler] is not eligible for getting processed by all BeanPostProcessors (for example: not eligible for auto-proxying)
2020-10-21 10:34:38.377  INFO 2688 --- [main] trationDelegate$BeanPostProcessorChecker : Bean 'org.springframework.security.config.annotation.method.configuration.GlobalMethodSecurityConfiguration' of type [org.springframework.security.config.annotation.method.configuration.GlobalMethodSecurityConfiguration$$EnhancerBySpringCGLIB$$dd4cc7d6] is not eligible for getting processed by all BeanPostProcessors (for example: not eligible for auto-proxying)
2020-10-21 10:34:38.380  INFO 2688 --- [main] trationDelegate$BeanPostProcessorChecker : Bean 'methodSecurityMetadataSource' of type [org.springframework.security.access.method.DelegatingMethodSecurityMetadataSource] is not eligible for getting processed by all BeanPostProcessors (for example: not eligible for auto-proxying)
2020-10-21 10:34:38.396  INFO 2688 --- [main] trationDelegate$BeanPostProcessorChecker : Bean 'org.springframework.cloud.autoconfigure.ConfigurationPropertiesRebinderAutoConfiguration' of type [org.springframework.cloud.autoconfigure.ConfigurationPropertiesRebinderAutoConfiguration$$EnhancerBySpringCGLIB$$3be45fe7] is not eligible for getting processed by all BeanPostProcessors (for example: not eligible for auto-proxying)
2020-10-21 10:34:38.729  INFO 2688 --- [main] o.s.b.w.embedded.tomcat.TomcatWebServer  : Tomcat initialized with port(s): 7004 (http)
2020-10-21 10:34:38.756  INFO 2688 --- [main] o.apache.catalina.core.StandardService   : Starting service [Tomcat]
2020-10-21 10:34:38.757  INFO 2688 --- [main] org.apache.catalina.core.StandardEngine  : Starting Servlet engine: [Apache Tomcat/9.0.16]
2020-10-21 10:34:38.764  INFO 2688 --- [main] o.a.catalina.core.AprLifecycleListener   : The APR based Apache Tomcat Native library which allows optimal performance in production environments was not found on the java.library.path: [C:\Program Files\Java\jdk-11.0.6\bin;C:\WINDOWS\Sun\Java\bin;C:\WINDOWS\system32;C:\WINDOWS;C:\Program Files (x86)\Common Files\Oracle\Java\javapath;C:\WINDOWS\system32;C:\WINDOWS;C:\WINDOWS\System32\Wbem;C:\WINDOWS\System32\WindowsPowerShell\v1.0\;C:\WINDOWS\System32\OpenSSH\;C:\Program Files\Git\cmd;C:\Program Files\Java\jdk1.8.0_212\bin;C:\Program Files\Java\jdk1.8.0_212\jre\bin;D:\nodejs\;C:\Users\MACHENIKE\AppData\Local\Microsoft\WindowsApps;C:\Users\MACHENIKE\AppData\Roaming\npm;D:\Microsoft VS Code\bin;.]
2020-10-21 10:34:39.106  INFO 2688 --- [main] o.a.c.c.C.[Tomcat].[localhost].[/user]   : Initializing Spring embedded WebApplicationContext
2020-10-21 10:34:39.107  INFO 2688 --- [main] o.s.web.context.ContextLoader            : Root WebApplicationContext: initialization completed in 3206 ms
2020-10-21 10:34:41.332  INFO 2688 --- [main] c.e.u.c.config.RedisCacheConfiguration   : JedisPool注入成功！！
2020-10-21 10:34:41.332  INFO 2688 --- [main] c.e.u.c.config.RedisCacheConfiguration   : redis地址：39.100.237.144:16379
2020-10-21 10:34:41.401  INFO 2688 --- [main] pertySourcedRequestMappingHandlerMapping : Mapped URL path [/v2/api-docs] onto method [public org.springframework.http.ResponseEntity<springfox.documentation.spring.web.json.Json> springfox.documentation.swagger2.web.Swagger2Controller.getDocumentation(java.lang.String,javax.servlet.http.HttpServletRequest)]
2020-10-21 10:34:41.445  WARN 2688 --- [main] c.n.c.sources.URLConfigurationSource     : No URLs will be polled as dynamic configuration sources.
2020-10-21 10:34:41.445  INFO 2688 --- [main] c.n.c.sources.URLConfigurationSource     : To enable URLs as dynamic configuration sources, define System property archaius.configurationSource.additionalUrls or make config.properties available on classpath.
2020-10-21 10:34:41.449  WARN 2688 --- [main] c.n.c.sources.URLConfigurationSource     : No URLs will be polled as dynamic configuration sources.
2020-10-21 10:34:41.449  INFO 2688 --- [main] c.n.c.sources.URLConfigurationSource     : To enable URLs as dynamic configuration sources, define System property archaius.configurationSource.additionalUrls or make config.properties available on classpath.
2020-10-21 10:34:41.592  INFO 2688 --- [main] o.s.s.concurrent.ThreadPoolTaskExecutor  : Initializing ExecutorService 'applicationTaskExecutor'
2020-10-21 10:34:42.103  INFO 2688 --- [main] o.s.s.web.DefaultSecurityFilterChain     : Creating filter chain: Ant [pattern='/index.html'], []
2020-10-21 10:34:42.103  INFO 2688 --- [main] o.s.s.web.DefaultSecurityFilterChain     : Creating filter chain: Ant [pattern='/static/**'], []
2020-10-21 10:34:42.103  INFO 2688 --- [main] o.s.s.web.DefaultSecurityFilterChain     : Creating filter chain: Ant [pattern='/login_p'], []
2020-10-21 10:34:42.104  INFO 2688 --- [main] o.s.s.web.DefaultSecurityFilterChain     : Creating filter chain: Ant [pattern='/favicon.ico'], []
2020-10-21 10:34:42.104  INFO 2688 --- [main] o.s.s.web.DefaultSecurityFilterChain     : Creating filter chain: Ant [pattern='/swagger-ui.html'], []
2020-10-21 10:34:42.104  INFO 2688 --- [main] o.s.s.web.DefaultSecurityFilterChain     : Creating filter chain: Ant [pattern='/swagger-resources/**'], []
2020-10-21 10:34:42.104  INFO 2688 --- [main] o.s.s.web.DefaultSecurityFilterChain     : Creating filter chain: Ant [pattern='/images/**'], []
2020-10-21 10:34:42.104  INFO 2688 --- [main] o.s.s.web.DefaultSecurityFilterChain     : Creating filter chain: Ant [pattern='/webjars/**'], []
2020-10-21 10:34:42.104  INFO 2688 --- [main] o.s.s.web.DefaultSecurityFilterChain     : Creating filter chain: Ant [pattern='/v2/api-docs'], []
2020-10-21 10:34:42.104  INFO 2688 --- [main] o.s.s.web.DefaultSecurityFilterChain     : Creating filter chain: Ant [pattern='/configuration/ui'], []
2020-10-21 10:34:42.104  INFO 2688 --- [main] o.s.s.web.DefaultSecurityFilterChain     : Creating filter chain: Ant [pattern='/configuration/security'], []
2020-10-21 10:34:42.104  INFO 2688 --- [main] o.s.s.web.DefaultSecurityFilterChain     : Creating filter chain: Ant [pattern='/MiniLoginController/**'], []
2020-10-21 10:34:42.104  INFO 2688 --- [main] o.s.s.web.DefaultSecurityFilterChain     : Creating filter chain: Ant [pattern='/**/**'], []
2020-10-21 10:34:42.105  INFO 2688 --- [main] o.s.s.web.DefaultSecurityFilterChain     : Creating filter chain: Ant [pattern='/**', OPTIONS], []
2020-10-21 10:34:42.140  INFO 2688 --- [main] o.s.s.web.DefaultSecurityFilterChain     : Creating filter chain: any request, [org.springframework.security.web.context.request.async.WebAsyncManagerIntegrationFilter@7c816f46, org.springframework.security.web.context.SecurityContextPersistenceFilter@55a2f08b, org.springframework.security.web.header.HeaderWriterFilter@47cf922d, org.springframework.security.web.authentication.logout.LogoutFilter@54c17a2b, org.springframework.security.web.authentication.UsernamePasswordAuthenticationFilter@74070994, org.springframework.security.web.authentication.ui.DefaultLoginPageGeneratingFilter@36ae17ef, org.springframework.security.web.authentication.ui.DefaultLogoutPageGeneratingFilter@7307ae6, org.springframework.security.web.authentication.www.BasicAuthenticationFilter@1f7949dc, org.springframework.security.web.savedrequest.RequestCacheAwareFilter@32084a01, org.springframework.security.web.servletapi.SecurityContextHolderAwareRequestFilter@c7cbc2d, org.springframework.security.web.authentication.AnonymousAuthenticationFilter@49c555c3, org.springframework.security.web.session.SessionManagementFilter@439d649c, org.springframework.security.web.access.ExceptionTranslationFilter@144792d5, org.springframework.security.web.access.intercept.FilterSecurityInterceptor@235dacd7]
2020-10-21 10:34:42.160  INFO 2688 --- [main] o.s.s.c.ThreadPoolTaskScheduler          : Initializing ExecutorService 'taskScheduler'
2020-10-21 10:34:42.937  INFO 2688 --- [main] o.s.c.n.eureka.InstanceInfoFactory       : Setting initial instance status as: STARTING
2020-10-21 10:34:42.971  INFO 2688 --- [main] com.netflix.discovery.DiscoveryClient    : Initializing Eureka in region us-east-1
2020-10-21 10:34:43.022  INFO 2688 --- [main] c.n.d.provider.DiscoveryJerseyProvider   : Using JSON encoding codec LegacyJacksonJson
2020-10-21 10:34:43.022  INFO 2688 --- [main] c.n.d.provider.DiscoveryJerseyProvider   : Using JSON decoding codec LegacyJacksonJson
2020-10-21 10:34:43.164  INFO 2688 --- [main] c.n.d.provider.DiscoveryJerseyProvider   : Using XML encoding codec XStreamXml
2020-10-21 10:34:43.164  INFO 2688 --- [main] c.n.d.provider.DiscoveryJerseyProvider   : Using XML decoding codec XStreamXml
2020-10-21 10:34:43.411  INFO 2688 --- [main] c.n.d.s.r.aws.ConfigClusterResolver      : Resolving eureka endpoints via configuration
2020-10-21 10:34:43.575  INFO 2688 --- [main] com.netflix.discovery.DiscoveryClient    : Disable delta property : false
2020-10-21 10:34:43.575  INFO 2688 --- [main] com.netflix.discovery.DiscoveryClient    : Single vip registry refresh property : null
2020-10-21 10:34:43.575  INFO 2688 --- [main] com.netflix.discovery.DiscoveryClient    : Force full registry fetch : false
2020-10-21 10:34:43.575  INFO 2688 --- [main] com.netflix.discovery.DiscoveryClient    : Application is null : false
2020-10-21 10:34:43.575  INFO 2688 --- [main] com.netflix.discovery.DiscoveryClient    : Registered Applications size is zero : true
2020-10-21 10:34:43.575  INFO 2688 --- [main] com.netflix.discovery.DiscoveryClient    : Application version is -1: true
2020-10-21 10:34:43.575  INFO 2688 --- [main] com.netflix.discovery.DiscoveryClient    : Getting all instance registry info from the eureka server
2020-10-21 10:34:43.745  INFO 2688 --- [main] com.netflix.discovery.DiscoveryClient    : The response status is 200
2020-10-21 10:34:43.748  INFO 2688 --- [main] com.netflix.discovery.DiscoveryClient    : Starting heartbeat executor: renew interval is: 30
2020-10-21 10:34:43.751  INFO 2688 --- [main] c.n.discovery.InstanceInfoReplicator     : InstanceInfoReplicator onDemand update allowed rate per min is 4
2020-10-21 10:34:43.755  INFO 2688 --- [main] com.netflix.discovery.DiscoveryClient    : Discovery Client initialized at timestamp 1603247683753 with initial instances count: 1
2020-10-21 10:34:43.760  INFO 2688 --- [main] o.s.c.n.e.s.EurekaServiceRegistry        : Registering application user-center with eureka with status UP
2020-10-21 10:34:43.761  INFO 2688 --- [main] com.netflix.discovery.DiscoveryClient    : Saw local status change event StatusChangeEvent [timestamp=1603247683761, current=UP, previous=STARTING]
2020-10-21 10:34:43.762  INFO 2688 --- [DiscoveryClient-InstanceInfoReplicator-0] com.netflix.discovery.DiscoveryClient    : DiscoveryClient_USER-CENTER/DESKTOP-E4IRNU3:user-center:7004: registering service...
2020-10-21 10:34:43.765  INFO 2688 --- [main] d.s.w.p.DocumentationPluginsBootstrapper : Context refreshed
2020-10-21 10:34:43.785  INFO 2688 --- [main] d.s.w.p.DocumentationPluginsBootstrapper : Found 1 custom documentation plugin(s)
2020-10-21 10:34:43.805  INFO 2688 --- [DiscoveryClient-InstanceInfoReplicator-0] com.netflix.discovery.DiscoveryClient    : DiscoveryClient_USER-CENTER/DESKTOP-E4IRNU3:user-center:7004 - registration status: 204
2020-10-21 10:34:43.817  INFO 2688 --- [main] s.d.s.w.s.ApiListingReferenceScanner     : Scanning for api listing references
2020-10-21 10:34:44.019  INFO 2688 --- [main] .d.s.w.r.o.CachingOperationNameGenerator : Generating unique operation named: fileUpLoadUsingPOST_1
2020-10-21 10:34:44.045  INFO 2688 --- [main] .d.s.w.r.o.CachingOperationNameGenerator : Generating unique operation named: fileUpLoadUsingPOST_2
2020-10-21 10:34:44.046  INFO 2688 --- [main] .d.s.w.r.o.CachingOperationNameGenerator : Generating unique operation named: getProductUsingGET_1
2020-10-21 10:34:44.047  INFO 2688 --- [main] .d.s.w.r.o.CachingOperationNameGenerator : Generating unique operation named: getProductUsingHEAD_1
2020-10-21 10:34:44.047  INFO 2688 --- [main] .d.s.w.r.o.CachingOperationNameGenerator : Generating unique operation named: getProductUsingPOST_1
2020-10-21 10:34:44.047  INFO 2688 --- [main] .d.s.w.r.o.CachingOperationNameGenerator : Generating unique operation named: getProductUsingPUT_1
2020-10-21 10:34:44.048  INFO 2688 --- [main] .d.s.w.r.o.CachingOperationNameGenerator : Generating unique operation named: getProductUsingPATCH_1
2020-10-21 10:34:44.048  INFO 2688 --- [main] .d.s.w.r.o.CachingOperationNameGenerator : Generating unique operation named: getProductUsingDELETE_1
2020-10-21 10:34:44.049  INFO 2688 --- [main] .d.s.w.r.o.CachingOperationNameGenerator : Generating unique operation named: getProductUsingOPTIONS_1
2020-10-21 10:34:44.049  INFO 2688 --- [main] .d.s.w.r.o.CachingOperationNameGenerator : Generating unique operation named: getProductUsingTRACE_1
2020-10-21 10:34:44.058  INFO 2688 --- [main] .d.s.w.r.o.CachingOperationNameGenerator : Generating unique operation named: LoginUsingPOST_1
2020-10-21 10:34:44.059  INFO 2688 --- [main] .d.s.w.r.o.CachingOperationNameGenerator : Generating unique operation named: UserDetailsUsingGET_1
2020-10-21 10:34:44.071  INFO 2688 --- [main] .d.s.w.r.o.CachingOperationNameGenerator : Generating unique operation named: UserDetailsUsingGET_2
2020-10-21 10:34:44.073  INFO 2688 --- [main] .d.s.w.r.o.CachingOperationNameGenerator : Generating unique operation named: authenticationDisposeUsingPOST_1
2020-10-21 10:34:44.074  INFO 2688 --- [main] .d.s.w.r.o.CachingOperationNameGenerator : Generating unique operation named: authenticationFileUsingPOST_1
2020-10-21 10:34:44.075  INFO 2688 --- [main] .d.s.w.r.o.CachingOperationNameGenerator : Generating unique operation named: authenticationListUsingGET_1
2020-10-21 10:34:44.082  INFO 2688 --- [main] .d.s.w.r.o.CachingOperationNameGenerator : Generating unique operation named: wxLoginUsingGET_1
2020-10-21 10:34:44.095  INFO 2688 --- [main] o.s.a.r.c.CachingConnectionFactory       : Attempting to connect to: [39.100.237.144:5672]
2020-10-21 10:34:44.240  INFO 2688 --- [main] o.s.a.r.c.CachingConnectionFactory       : Created new connection: rabbitConnectionFactory#320770d7:0/SimpleConnection@7d96618 [delegate=amqp://sw@39.100.237.144:5672/, localPort= 60384]
2020-10-21 10:34:44.747  INFO 2688 --- [main] o.s.b.w.embedded.tomcat.TomcatWebServer  : Tomcat started on port(s): 7004 (http) with context path '/user'
2020-10-21 10:34:44.750  INFO 2688 --- [main] c.e.u.c.SecondUserCenterApplication      : Started SecondUserCenterApplication in 10.855 seconds (JVM running for 13.092)
2020-10-21 10:35:00.222  INFO 2688 --- [http-nio-7004-exec-1] o.a.c.c.C.[Tomcat].[localhost].[/user]   : Initializing Spring DispatcherServlet 'dispatcherServlet'
2020-10-21 10:35:00.224  INFO 2688 --- [http-nio-7004-exec-1] o.s.web.servlet.DispatcherServlet        : Initializing Servlet 'dispatcherServlet'
2020-10-21 10:35:00.236  INFO 2688 --- [http-nio-7004-exec-1] o.s.web.servlet.DispatcherServlet        : Completed initialization in 12 ms
2020-10-21 10:35:06.189  WARN 2688 --- [http-nio-7004-exec-7] com.zaxxer.hikari.HikariConfig           : dataSource - idleTimeout is close to or more than maxLifetime, disabling it.
2020-10-21 10:35:06.189  INFO 2688 --- [http-nio-7004-exec-7] com.zaxxer.hikari.HikariDataSource       : dataSource - Starting...
2020-10-21 10:35:06.549  INFO 2688 --- [http-nio-7004-exec-7] com.zaxxer.hikari.HikariDataSource       : dataSource - Start completed.
2020-10-21 10:36:39.760  INFO 3260 --- [main] c.e.u.c.SecondUserCenterApplication      : No active profile set, falling back to default profiles: default
2020-10-21 10:36:41.640  INFO 3260 --- [main] .s.d.r.c.RepositoryConfigurationDelegate : Multiple Spring Data modules found, entering strict repository configuration mode!
2020-10-21 10:36:41.660  INFO 3260 --- [main] .s.d.r.c.RepositoryConfigurationDelegate : Bootstrapping Spring Data repositories in DEFAULT mode.
2020-10-21 10:36:41.819  INFO 3260 --- [main] .s.d.r.c.RepositoryConfigurationDelegate : Finished Spring Data repository scanning in 126ms. Found 0 repository interfaces.
2020-10-21 10:36:42.161  INFO 3260 --- [main] o.s.cloud.context.scope.GenericScope     : BeanFactory id=2f495156-6dd9-36d4-9a3f-e47c301e3537
2020-10-21 10:36:42.205  INFO 3260 --- [main] trationDelegate$BeanPostProcessorChecker : Bean 'org.springframework.amqp.rabbit.annotation.RabbitBootstrapConfiguration' of type [org.springframework.amqp.rabbit.annotation.RabbitBootstrapConfiguration$$EnhancerBySpringCGLIB$$c15d6146] is not eligible for getting processed by all BeanPostProcessors (for example: not eligible for auto-proxying)
2020-10-21 10:36:42.253  INFO 3260 --- [main] trationDelegate$BeanPostProcessorChecker : Bean 'org.springframework.transaction.annotation.ProxyTransactionManagementConfiguration' of type [org.springframework.transaction.annotation.ProxyTransactionManagementConfiguration$$EnhancerBySpringCGLIB$$faf1a318] is not eligible for getting processed by all BeanPostProcessors (for example: not eligible for auto-proxying)
2020-10-21 10:36:42.298  INFO 3260 --- [main] trationDelegate$BeanPostProcessorChecker : Bean 'org.springframework.security.config.annotation.configuration.ObjectPostProcessorConfiguration' of type [org.springframework.security.config.annotation.configuration.ObjectPostProcessorConfiguration$$EnhancerBySpringCGLIB$$939f6b52] is not eligible for getting processed by all BeanPostProcessors (for example: not eligible for auto-proxying)
2020-10-21 10:36:42.303  INFO 3260 --- [main] trationDelegate$BeanPostProcessorChecker : Bean 'objectPostProcessor' of type [org.springframework.security.config.annotation.configuration.AutowireBeanFactoryObjectPostProcessor] is not eligible for getting processed by all BeanPostProcessors (for example: not eligible for auto-proxying)
2020-10-21 10:36:42.305  INFO 3260 --- [main] trationDelegate$BeanPostProcessorChecker : Bean 'org.springframework.security.access.expression.method.DefaultMethodSecurityExpressionHandler@7f5ce33e' of type [org.springframework.security.access.expression.method.DefaultMethodSecurityExpressionHandler] is not eligible for getting processed by all BeanPostProcessors (for example: not eligible for auto-proxying)
2020-10-21 10:36:42.306  INFO 3260 --- [main] trationDelegate$BeanPostProcessorChecker : Bean 'org.springframework.security.config.annotation.method.configuration.GlobalMethodSecurityConfiguration' of type [org.springframework.security.config.annotation.method.configuration.GlobalMethodSecurityConfiguration$$EnhancerBySpringCGLIB$$b8740e04] is not eligible for getting processed by all BeanPostProcessors (for example: not eligible for auto-proxying)
2020-10-21 10:36:42.309  INFO 3260 --- [main] trationDelegate$BeanPostProcessorChecker : Bean 'methodSecurityMetadataSource' of type [org.springframework.security.access.method.DelegatingMethodSecurityMetadataSource] is not eligible for getting processed by all BeanPostProcessors (for example: not eligible for auto-proxying)
2020-10-21 10:36:42.323  INFO 3260 --- [main] trationDelegate$BeanPostProcessorChecker : Bean 'org.springframework.cloud.autoconfigure.ConfigurationPropertiesRebinderAutoConfiguration' of type [org.springframework.cloud.autoconfigure.ConfigurationPropertiesRebinderAutoConfiguration$$EnhancerBySpringCGLIB$$170ba615] is not eligible for getting processed by all BeanPostProcessors (for example: not eligible for auto-proxying)
2020-10-21 10:36:42.694  INFO 3260 --- [main] o.s.b.w.embedded.tomcat.TomcatWebServer  : Tomcat initialized with port(s): 7004 (http)
2020-10-21 10:36:42.721  INFO 3260 --- [main] o.apache.catalina.core.StandardService   : Starting service [Tomcat]
2020-10-21 10:36:42.722  INFO 3260 --- [main] org.apache.catalina.core.StandardEngine  : Starting Servlet engine: [Apache Tomcat/9.0.16]
2020-10-21 10:36:42.730  INFO 3260 --- [main] o.a.catalina.core.AprLifecycleListener   : The APR based Apache Tomcat Native library which allows optimal performance in production environments was not found on the java.library.path: [C:\Program Files\Java\jdk-11.0.6\bin;C:\WINDOWS\Sun\Java\bin;C:\WINDOWS\system32;C:\WINDOWS;C:\Program Files (x86)\Common Files\Oracle\Java\javapath;C:\WINDOWS\system32;C:\WINDOWS;C:\WINDOWS\System32\Wbem;C:\WINDOWS\System32\WindowsPowerShell\v1.0\;C:\WINDOWS\System32\OpenSSH\;C:\Program Files\Git\cmd;C:\Program Files\Java\jdk1.8.0_212\bin;C:\Program Files\Java\jdk1.8.0_212\jre\bin;D:\nodejs\;C:\Users\MACHENIKE\AppData\Local\Microsoft\WindowsApps;C:\Users\MACHENIKE\AppData\Roaming\npm;D:\Microsoft VS Code\bin;.]
2020-10-21 10:36:43.086  INFO 3260 --- [main] o.a.c.c.C.[Tomcat].[localhost].[/user]   : Initializing Spring embedded WebApplicationContext
2020-10-21 10:36:43.086  INFO 3260 --- [main] o.s.web.context.ContextLoader            : Root WebApplicationContext: initialization completed in 3310 ms
2020-10-21 10:36:45.020  INFO 3260 --- [main] c.e.u.c.config.RedisCacheConfiguration   : JedisPool注入成功！！
2020-10-21 10:36:45.020  INFO 3260 --- [main] c.e.u.c.config.RedisCacheConfiguration   : redis地址：39.100.237.144:16379
2020-10-21 10:36:45.082  INFO 3260 --- [main] pertySourcedRequestMappingHandlerMapping : Mapped URL path [/v2/api-docs] onto method [public org.springframework.http.ResponseEntity<springfox.documentation.spring.web.json.Json> springfox.documentation.swagger2.web.Swagger2Controller.getDocumentation(java.lang.String,javax.servlet.http.HttpServletRequest)]
2020-10-21 10:36:45.120  WARN 3260 --- [main] c.n.c.sources.URLConfigurationSource     : No URLs will be polled as dynamic configuration sources.
2020-10-21 10:36:45.120  INFO 3260 --- [main] c.n.c.sources.URLConfigurationSource     : To enable URLs as dynamic configuration sources, define System property archaius.configurationSource.additionalUrls or make config.properties available on classpath.
2020-10-21 10:36:45.125  WARN 3260 --- [main] c.n.c.sources.URLConfigurationSource     : No URLs will be polled as dynamic configuration sources.
2020-10-21 10:36:45.125  INFO 3260 --- [main] c.n.c.sources.URLConfigurationSource     : To enable URLs as dynamic configuration sources, define System property archaius.configurationSource.additionalUrls or make config.properties available on classpath.
2020-10-21 10:36:45.266  INFO 3260 --- [main] o.s.s.concurrent.ThreadPoolTaskExecutor  : Initializing ExecutorService 'applicationTaskExecutor'
2020-10-21 10:36:45.890  INFO 3260 --- [main] o.s.s.web.DefaultSecurityFilterChain     : Creating filter chain: Ant [pattern='/index.html'], []
2020-10-21 10:36:45.890  INFO 3260 --- [main] o.s.s.web.DefaultSecurityFilterChain     : Creating filter chain: Ant [pattern='/static/**'], []
2020-10-21 10:36:45.890  INFO 3260 --- [main] o.s.s.web.DefaultSecurityFilterChain     : Creating filter chain: Ant [pattern='/login_p'], []
2020-10-21 10:36:45.891  INFO 3260 --- [main] o.s.s.web.DefaultSecurityFilterChain     : Creating filter chain: Ant [pattern='/favicon.ico'], []
2020-10-21 10:36:45.891  INFO 3260 --- [main] o.s.s.web.DefaultSecurityFilterChain     : Creating filter chain: Ant [pattern='/swagger-ui.html'], []
2020-10-21 10:36:45.891  INFO 3260 --- [main] o.s.s.web.DefaultSecurityFilterChain     : Creating filter chain: Ant [pattern='/swagger-resources/**'], []
2020-10-21 10:36:45.891  INFO 3260 --- [main] o.s.s.web.DefaultSecurityFilterChain     : Creating filter chain: Ant [pattern='/images/**'], []
2020-10-21 10:36:45.891  INFO 3260 --- [main] o.s.s.web.DefaultSecurityFilterChain     : Creating filter chain: Ant [pattern='/webjars/**'], []
2020-10-21 10:36:45.891  INFO 3260 --- [main] o.s.s.web.DefaultSecurityFilterChain     : Creating filter chain: Ant [pattern='/v2/api-docs'], []
2020-10-21 10:36:45.891  INFO 3260 --- [main] o.s.s.web.DefaultSecurityFilterChain     : Creating filter chain: Ant [pattern='/configuration/ui'], []
2020-10-21 10:36:45.891  INFO 3260 --- [main] o.s.s.web.DefaultSecurityFilterChain     : Creating filter chain: Ant [pattern='/configuration/security'], []
2020-10-21 10:36:45.892  INFO 3260 --- [main] o.s.s.web.DefaultSecurityFilterChain     : Creating filter chain: Ant [pattern='/MiniLoginController/**'], []
2020-10-21 10:36:45.892  INFO 3260 --- [main] o.s.s.web.DefaultSecurityFilterChain     : Creating filter chain: Ant [pattern='/**/**'], []
2020-10-21 10:36:45.892  INFO 3260 --- [main] o.s.s.web.DefaultSecurityFilterChain     : Creating filter chain: Ant [pattern='/**', OPTIONS], []
2020-10-21 10:36:45.935  INFO 3260 --- [main] o.s.s.web.DefaultSecurityFilterChain     : Creating filter chain: any request, [org.springframework.security.web.context.request.async.WebAsyncManagerIntegrationFilter@580e01cd, org.springframework.security.web.context.SecurityContextPersistenceFilter@7621c3f7, org.springframework.security.web.header.HeaderWriterFilter@1f57fa23, org.springframework.security.web.authentication.logout.LogoutFilter@55ff64fd, org.springframework.security.web.authentication.UsernamePasswordAuthenticationFilter@5fafd099, org.springframework.security.web.authentication.ui.DefaultLoginPageGeneratingFilter@c7b100b, org.springframework.security.web.authentication.ui.DefaultLogoutPageGeneratingFilter@1e9a10e9, org.springframework.security.web.authentication.www.BasicAuthenticationFilter@445c693, org.springframework.security.web.savedrequest.RequestCacheAwareFilter@5608e254, org.springframework.security.web.servletapi.SecurityContextHolderAwareRequestFilter@386ea60f, org.springframework.security.web.authentication.AnonymousAuthenticationFilter@233d2b76, org.springframework.security.web.session.SessionManagementFilter@39f7cc46, org.springframework.security.web.access.ExceptionTranslationFilter@89ff043, org.springframework.security.web.access.intercept.FilterSecurityInterceptor@7789526e]
2020-10-21 10:36:45.962  INFO 3260 --- [main] o.s.s.c.ThreadPoolTaskScheduler          : Initializing ExecutorService 'taskScheduler'
2020-10-21 10:36:46.843  INFO 3260 --- [main] o.s.c.n.eureka.InstanceInfoFactory       : Setting initial instance status as: STARTING
2020-10-21 10:36:46.875  INFO 3260 --- [main] com.netflix.discovery.DiscoveryClient    : Initializing Eureka in region us-east-1
2020-10-21 10:36:46.932  INFO 3260 --- [main] c.n.d.provider.DiscoveryJerseyProvider   : Using JSON encoding codec LegacyJacksonJson
2020-10-21 10:36:46.932  INFO 3260 --- [main] c.n.d.provider.DiscoveryJerseyProvider   : Using JSON decoding codec LegacyJacksonJson
2020-10-21 10:36:47.093  INFO 3260 --- [main] c.n.d.provider.DiscoveryJerseyProvider   : Using XML encoding codec XStreamXml
2020-10-21 10:36:47.094  INFO 3260 --- [main] c.n.d.provider.DiscoveryJerseyProvider   : Using XML decoding codec XStreamXml
2020-10-21 10:36:47.321  INFO 3260 --- [main] c.n.d.s.r.aws.ConfigClusterResolver      : Resolving eureka endpoints via configuration
2020-10-21 10:36:47.494  INFO 3260 --- [main] com.netflix.discovery.DiscoveryClient    : Disable delta property : false
2020-10-21 10:36:47.494  INFO 3260 --- [main] com.netflix.discovery.DiscoveryClient    : Single vip registry refresh property : null
2020-10-21 10:36:47.494  INFO 3260 --- [main] com.netflix.discovery.DiscoveryClient    : Force full registry fetch : false
2020-10-21 10:36:47.494  INFO 3260 --- [main] com.netflix.discovery.DiscoveryClient    : Application is null : false
2020-10-21 10:36:47.494  INFO 3260 --- [main] com.netflix.discovery.DiscoveryClient    : Registered Applications size is zero : true
2020-10-21 10:36:47.494  INFO 3260 --- [main] com.netflix.discovery.DiscoveryClient    : Application version is -1: true
2020-10-21 10:36:47.495  INFO 3260 --- [main] com.netflix.discovery.DiscoveryClient    : Getting all instance registry info from the eureka server
2020-10-21 10:36:47.622  INFO 3260 --- [main] com.netflix.discovery.DiscoveryClient    : The response status is 200
2020-10-21 10:36:47.625  INFO 3260 --- [main] com.netflix.discovery.DiscoveryClient    : Starting heartbeat executor: renew interval is: 30
2020-10-21 10:36:47.627  INFO 3260 --- [main] c.n.discovery.InstanceInfoReplicator     : InstanceInfoReplicator onDemand update allowed rate per min is 4
2020-10-21 10:36:47.631  INFO 3260 --- [main] com.netflix.discovery.DiscoveryClient    : Discovery Client initialized at timestamp 1603247807630 with initial instances count: 2
2020-10-21 10:36:47.634  INFO 3260 --- [main] o.s.c.n.e.s.EurekaServiceRegistry        : Registering application user-center with eureka with status UP
2020-10-21 10:36:47.635  INFO 3260 --- [main] com.netflix.discovery.DiscoveryClient    : Saw local status change event StatusChangeEvent [timestamp=1603247807634, current=UP, previous=STARTING]
2020-10-21 10:36:47.637  INFO 3260 --- [DiscoveryClient-InstanceInfoReplicator-0] com.netflix.discovery.DiscoveryClient    : DiscoveryClient_USER-CENTER/DESKTOP-E4IRNU3:user-center:7004: registering service...
2020-10-21 10:36:47.641  INFO 3260 --- [main] d.s.w.p.DocumentationPluginsBootstrapper : Context refreshed
2020-10-21 10:36:47.656  INFO 3260 --- [main] d.s.w.p.DocumentationPluginsBootstrapper : Found 1 custom documentation plugin(s)
2020-10-21 10:36:47.673  INFO 3260 --- [DiscoveryClient-InstanceInfoReplicator-0] com.netflix.discovery.DiscoveryClient    : DiscoveryClient_USER-CENTER/DESKTOP-E4IRNU3:user-center:7004 - registration status: 204
2020-10-21 10:36:47.683  INFO 3260 --- [main] s.d.s.w.s.ApiListingReferenceScanner     : Scanning for api listing references
2020-10-21 10:36:47.899  INFO 3260 --- [main] .d.s.w.r.o.CachingOperationNameGenerator : Generating unique operation named: fileUpLoadUsingPOST_1
2020-10-21 10:36:47.924  INFO 3260 --- [main] .d.s.w.r.o.CachingOperationNameGenerator : Generating unique operation named: fileUpLoadUsingPOST_2
2020-10-21 10:36:47.925  INFO 3260 --- [main] .d.s.w.r.o.CachingOperationNameGenerator : Generating unique operation named: getProductUsingGET_1
2020-10-21 10:36:47.925  INFO 3260 --- [main] .d.s.w.r.o.CachingOperationNameGenerator : Generating unique operation named: getProductUsingHEAD_1
2020-10-21 10:36:47.926  INFO 3260 --- [main] .d.s.w.r.o.CachingOperationNameGenerator : Generating unique operation named: getProductUsingPOST_1
2020-10-21 10:36:47.926  INFO 3260 --- [main] .d.s.w.r.o.CachingOperationNameGenerator : Generating unique operation named: getProductUsingPUT_1
2020-10-21 10:36:47.927  INFO 3260 --- [main] .d.s.w.r.o.CachingOperationNameGenerator : Generating unique operation named: getProductUsingPATCH_1
2020-10-21 10:36:47.927  INFO 3260 --- [main] .d.s.w.r.o.CachingOperationNameGenerator : Generating unique operation named: getProductUsingDELETE_1
2020-10-21 10:36:47.928  INFO 3260 --- [main] .d.s.w.r.o.CachingOperationNameGenerator : Generating unique operation named: getProductUsingOPTIONS_1
2020-10-21 10:36:47.928  INFO 3260 --- [main] .d.s.w.r.o.CachingOperationNameGenerator : Generating unique operation named: getProductUsingTRACE_1
2020-10-21 10:36:47.937  INFO 3260 --- [main] .d.s.w.r.o.CachingOperationNameGenerator : Generating unique operation named: LoginUsingPOST_1
2020-10-21 10:36:47.939  INFO 3260 --- [main] .d.s.w.r.o.CachingOperationNameGenerator : Generating unique operation named: UserDetailsUsingGET_1
2020-10-21 10:36:47.961  INFO 3260 --- [main] .d.s.w.r.o.CachingOperationNameGenerator : Generating unique operation named: UserDetailsUsingGET_2
2020-10-21 10:36:47.963  INFO 3260 --- [main] .d.s.w.r.o.CachingOperationNameGenerator : Generating unique operation named: authenticationDisposeUsingPOST_1
2020-10-21 10:36:47.964  INFO 3260 --- [main] .d.s.w.r.o.CachingOperationNameGenerator : Generating unique operation named: authenticationFileUsingPOST_1
2020-10-21 10:36:47.965  INFO 3260 --- [main] .d.s.w.r.o.CachingOperationNameGenerator : Generating unique operation named: authenticationListUsingGET_1
2020-10-21 10:36:47.973  INFO 3260 --- [main] .d.s.w.r.o.CachingOperationNameGenerator : Generating unique operation named: wxLoginUsingGET_1
2020-10-21 10:36:47.981  INFO 3260 --- [main] o.s.a.r.c.CachingConnectionFactory       : Attempting to connect to: [39.100.237.144:5672]
2020-10-21 10:36:48.104  INFO 3260 --- [main] o.s.a.r.c.CachingConnectionFactory       : Created new connection: rabbitConnectionFactory#1978b0d5:0/SimpleConnection@62857555 [delegate=amqp://sw@39.100.237.144:5672/, localPort= 60638]
2020-10-21 10:36:49.265  INFO 3260 --- [main] o.s.b.w.embedded.tomcat.TomcatWebServer  : Tomcat started on port(s): 7004 (http) with context path '/user'
2020-10-21 10:36:49.269  INFO 3260 --- [main] c.e.u.c.SecondUserCenterApplication      : Started SecondUserCenterApplication in 11.332 seconds (JVM running for 13.2)
2020-10-21 10:36:59.623  INFO 3260 --- [http-nio-7004-exec-1] o.a.c.c.C.[Tomcat].[localhost].[/user]   : Initializing Spring DispatcherServlet 'dispatcherServlet'
2020-10-21 10:36:59.624  INFO 3260 --- [http-nio-7004-exec-1] o.s.web.servlet.DispatcherServlet        : Initializing Servlet 'dispatcherServlet'
2020-10-21 10:36:59.637  INFO 3260 --- [http-nio-7004-exec-1] o.s.web.servlet.DispatcherServlet        : Completed initialization in 13 ms
2020-10-21 10:36:59.724  WARN 3260 --- [http-nio-7004-exec-1] com.zaxxer.hikari.HikariConfig           : dataSource - idleTimeout is close to or more than maxLifetime, disabling it.
2020-10-21 10:36:59.724  INFO 3260 --- [http-nio-7004-exec-1] com.zaxxer.hikari.HikariDataSource       : dataSource - Starting...
2020-10-21 10:37:00.051  INFO 3260 --- [http-nio-7004-exec-1] com.zaxxer.hikari.HikariDataSource       : dataSource - Start completed.
2020-10-21 10:37:24.243  INFO 15020 --- [main] c.e.u.c.SecondUserCenterApplication      : No active profile set, falling back to default profiles: default
2020-10-21 10:37:25.496  INFO 15020 --- [main] .s.d.r.c.RepositoryConfigurationDelegate : Multiple Spring Data modules found, entering strict repository configuration mode!
2020-10-21 10:37:25.508  INFO 15020 --- [main] .s.d.r.c.RepositoryConfigurationDelegate : Bootstrapping Spring Data repositories in DEFAULT mode.
2020-10-21 10:37:25.644  INFO 15020 --- [main] .s.d.r.c.RepositoryConfigurationDelegate : Finished Spring Data repository scanning in 116ms. Found 0 repository interfaces.
2020-10-21 10:37:25.975  INFO 15020 --- [main] o.s.cloud.context.scope.GenericScope     : BeanFactory id=2f495156-6dd9-36d4-9a3f-e47c301e3537
2020-10-21 10:37:26.017  INFO 15020 --- [main] trationDelegate$BeanPostProcessorChecker : Bean 'org.springframework.amqp.rabbit.annotation.RabbitBootstrapConfiguration' of type [org.springframework.amqp.rabbit.annotation.RabbitBootstrapConfiguration$$EnhancerBySpringCGLIB$$d3c8854f] is not eligible for getting processed by all BeanPostProcessors (for example: not eligible for auto-proxying)
2020-10-21 10:37:26.062  INFO 15020 --- [main] trationDelegate$BeanPostProcessorChecker : Bean 'org.springframework.transaction.annotation.ProxyTransactionManagementConfiguration' of type [org.springframework.transaction.annotation.ProxyTransactionManagementConfiguration$$EnhancerBySpringCGLIB$$d5cc721] is not eligible for getting processed by all BeanPostProcessors (for example: not eligible for auto-proxying)
2020-10-21 10:37:26.092  INFO 15020 --- [main] trationDelegate$BeanPostProcessorChecker : Bean 'org.springframework.security.config.annotation.configuration.ObjectPostProcessorConfiguration' of type [org.springframework.security.config.annotation.configuration.ObjectPostProcessorConfiguration$$EnhancerBySpringCGLIB$$a60a8f5b] is not eligible for getting processed by all BeanPostProcessors (for example: not eligible for auto-proxying)
2020-10-21 10:37:26.107  INFO 15020 --- [main] trationDelegate$BeanPostProcessorChecker : Bean 'objectPostProcessor' of type [org.springframework.security.config.annotation.configuration.AutowireBeanFactoryObjectPostProcessor] is not eligible for getting processed by all BeanPostProcessors (for example: not eligible for auto-proxying)
2020-10-21 10:37:26.109  INFO 15020 --- [main] trationDelegate$BeanPostProcessorChecker : Bean 'org.springframework.security.access.expression.method.DefaultMethodSecurityExpressionHandler@32da97fd' of type [org.springframework.security.access.expression.method.DefaultMethodSecurityExpressionHandler] is not eligible for getting processed by all BeanPostProcessors (for example: not eligible for auto-proxying)
2020-10-21 10:37:26.112  INFO 15020 --- [main] trationDelegate$BeanPostProcessorChecker : Bean 'org.springframework.security.config.annotation.method.configuration.GlobalMethodSecurityConfiguration' of type [org.springframework.security.config.annotation.method.configuration.GlobalMethodSecurityConfiguration$$EnhancerBySpringCGLIB$$cadf320d] is not eligible for getting processed by all BeanPostProcessors (for example: not eligible for auto-proxying)
2020-10-21 10:37:26.115  INFO 15020 --- [main] trationDelegate$BeanPostProcessorChecker : Bean 'methodSecurityMetadataSource' of type [org.springframework.security.access.method.DelegatingMethodSecurityMetadataSource] is not eligible for getting processed by all BeanPostProcessors (for example: not eligible for auto-proxying)
2020-10-21 10:37:26.128  INFO 15020 --- [main] trationDelegate$BeanPostProcessorChecker : Bean 'org.springframework.cloud.autoconfigure.ConfigurationPropertiesRebinderAutoConfiguration' of type [org.springframework.cloud.autoconfigure.ConfigurationPropertiesRebinderAutoConfiguration$$EnhancerBySpringCGLIB$$2976ca1e] is not eligible for getting processed by all BeanPostProcessors (for example: not eligible for auto-proxying)
2020-10-21 10:37:26.474  INFO 15020 --- [main] o.s.b.w.embedded.tomcat.TomcatWebServer  : Tomcat initialized with port(s): 7004 (http)
2020-10-21 10:37:26.500  INFO 15020 --- [main] o.apache.catalina.core.StandardService   : Starting service [Tomcat]
2020-10-21 10:37:26.500  INFO 15020 --- [main] org.apache.catalina.core.StandardEngine  : Starting Servlet engine: [Apache Tomcat/9.0.16]
2020-10-21 10:37:26.507  INFO 15020 --- [main] o.a.catalina.core.AprLifecycleListener   : The APR based Apache Tomcat Native library which allows optimal performance in production environments was not found on the java.library.path: [C:\Program Files\Java\jdk-11.0.6\bin;C:\WINDOWS\Sun\Java\bin;C:\WINDOWS\system32;C:\WINDOWS;C:\Program Files (x86)\Common Files\Oracle\Java\javapath;C:\WINDOWS\system32;C:\WINDOWS;C:\WINDOWS\System32\Wbem;C:\WINDOWS\System32\WindowsPowerShell\v1.0\;C:\WINDOWS\System32\OpenSSH\;C:\Program Files\Git\cmd;C:\Program Files\Java\jdk1.8.0_212\bin;C:\Program Files\Java\jdk1.8.0_212\jre\bin;D:\nodejs\;C:\Users\MACHENIKE\AppData\Local\Microsoft\WindowsApps;C:\Users\MACHENIKE\AppData\Roaming\npm;D:\Microsoft VS Code\bin;.]
2020-10-21 10:37:26.836  INFO 15020 --- [main] o.a.c.c.C.[Tomcat].[localhost].[/user]   : Initializing Spring embedded WebApplicationContext
2020-10-21 10:37:26.836  INFO 15020 --- [main] o.s.web.context.ContextLoader            : Root WebApplicationContext: initialization completed in 2572 ms
2020-10-21 10:37:28.709  INFO 15020 --- [main] c.e.u.c.config.RedisCacheConfiguration   : JedisPool注入成功！！
2020-10-21 10:37:28.710  INFO 15020 --- [main] c.e.u.c.config.RedisCacheConfiguration   : redis地址：39.100.237.144:16379
2020-10-21 10:37:28.772  INFO 15020 --- [main] pertySourcedRequestMappingHandlerMapping : Mapped URL path [/v2/api-docs] onto method [public org.springframework.http.ResponseEntity<springfox.documentation.spring.web.json.Json> springfox.documentation.swagger2.web.Swagger2Controller.getDocumentation(java.lang.String,javax.servlet.http.HttpServletRequest)]
2020-10-21 10:37:28.809  WARN 15020 --- [main] c.n.c.sources.URLConfigurationSource     : No URLs will be polled as dynamic configuration sources.
2020-10-21 10:37:28.810  INFO 15020 --- [main] c.n.c.sources.URLConfigurationSource     : To enable URLs as dynamic configuration sources, define System property archaius.configurationSource.additionalUrls or make config.properties available on classpath.
2020-10-21 10:37:28.814  WARN 15020 --- [main] c.n.c.sources.URLConfigurationSource     : No URLs will be polled as dynamic configuration sources.
2020-10-21 10:37:28.814  INFO 15020 --- [main] c.n.c.sources.URLConfigurationSource     : To enable URLs as dynamic configuration sources, define System property archaius.configurationSource.additionalUrls or make config.properties available on classpath.
2020-10-21 10:37:28.927  INFO 15020 --- [main] o.s.s.concurrent.ThreadPoolTaskExecutor  : Initializing ExecutorService 'applicationTaskExecutor'
2020-10-21 10:37:29.419  INFO 15020 --- [main] o.s.s.web.DefaultSecurityFilterChain     : Creating filter chain: Ant [pattern='/index.html'], []
2020-10-21 10:37:29.419  INFO 15020 --- [main] o.s.s.web.DefaultSecurityFilterChain     : Creating filter chain: Ant [pattern='/static/**'], []
2020-10-21 10:37:29.419  INFO 15020 --- [main] o.s.s.web.DefaultSecurityFilterChain     : Creating filter chain: Ant [pattern='/login_p'], []
2020-10-21 10:37:29.419  INFO 15020 --- [main] o.s.s.web.DefaultSecurityFilterChain     : Creating filter chain: Ant [pattern='/favicon.ico'], []
2020-10-21 10:37:29.419  INFO 15020 --- [main] o.s.s.web.DefaultSecurityFilterChain     : Creating filter chain: Ant [pattern='/swagger-ui.html'], []
2020-10-21 10:37:29.419  INFO 15020 --- [main] o.s.s.web.DefaultSecurityFilterChain     : Creating filter chain: Ant [pattern='/swagger-resources/**'], []
2020-10-21 10:37:29.419  INFO 15020 --- [main] o.s.s.web.DefaultSecurityFilterChain     : Creating filter chain: Ant [pattern='/images/**'], []
2020-10-21 10:37:29.419  INFO 15020 --- [main] o.s.s.web.DefaultSecurityFilterChain     : Creating filter chain: Ant [pattern='/webjars/**'], []
2020-10-21 10:37:29.419  INFO 15020 --- [main] o.s.s.web.DefaultSecurityFilterChain     : Creating filter chain: Ant [pattern='/v2/api-docs'], []
2020-10-21 10:37:29.419  INFO 15020 --- [main] o.s.s.web.DefaultSecurityFilterChain     : Creating filter chain: Ant [pattern='/configuration/ui'], []
2020-10-21 10:37:29.420  INFO 15020 --- [main] o.s.s.web.DefaultSecurityFilterChain     : Creating filter chain: Ant [pattern='/configuration/security'], []
2020-10-21 10:37:29.420  INFO 15020 --- [main] o.s.s.web.DefaultSecurityFilterChain     : Creating filter chain: Ant [pattern='/MiniLoginController/**'], []
2020-10-21 10:37:29.420  INFO 15020 --- [main] o.s.s.web.DefaultSecurityFilterChain     : Creating filter chain: Ant [pattern='/**/**'], []
2020-10-21 10:37:29.420  INFO 15020 --- [main] o.s.s.web.DefaultSecurityFilterChain     : Creating filter chain: Ant [pattern='/**', OPTIONS], []
2020-10-21 10:37:29.455  INFO 15020 --- [main] o.s.s.web.DefaultSecurityFilterChain     : Creating filter chain: any request, [org.springframework.security.web.context.request.async.WebAsyncManagerIntegrationFilter@43414b88, org.springframework.security.web.context.SecurityContextPersistenceFilter@5c6be812, org.springframework.security.web.header.HeaderWriterFilter@1ee126de, org.springframework.security.web.authentication.logout.LogoutFilter@1ce45e18, org.springframework.security.web.authentication.UsernamePasswordAuthenticationFilter@560c3758, org.springframework.security.web.authentication.ui.DefaultLoginPageGeneratingFilter@724e0a77, org.springframework.security.web.authentication.ui.DefaultLogoutPageGeneratingFilter@52a605c3, org.springframework.security.web.authentication.www.BasicAuthenticationFilter@2932721e, org.springframework.security.web.savedrequest.RequestCacheAwareFilter@28796d0e, org.springframework.security.web.servletapi.SecurityContextHolderAwareRequestFilter@542aec6, org.springframework.security.web.authentication.AnonymousAuthenticationFilter@13fad0c7, org.springframework.security.web.session.SessionManagementFilter@14b4b25e, org.springframework.security.web.access.ExceptionTranslationFilter@27422187, org.springframework.security.web.access.intercept.FilterSecurityInterceptor@f09c282]
2020-10-21 10:37:29.476  INFO 15020 --- [main] o.s.s.c.ThreadPoolTaskScheduler          : Initializing ExecutorService 'taskScheduler'
2020-10-21 10:37:30.285  INFO 15020 --- [main] o.s.c.n.eureka.InstanceInfoFactory       : Setting initial instance status as: STARTING
2020-10-21 10:37:30.315  INFO 15020 --- [main] com.netflix.discovery.DiscoveryClient    : Initializing Eureka in region us-east-1
2020-10-21 10:37:30.365  INFO 15020 --- [main] c.n.d.provider.DiscoveryJerseyProvider   : Using JSON encoding codec LegacyJacksonJson
2020-10-21 10:37:30.365  INFO 15020 --- [main] c.n.d.provider.DiscoveryJerseyProvider   : Using JSON decoding codec LegacyJacksonJson
2020-10-21 10:37:30.522  INFO 15020 --- [main] c.n.d.provider.DiscoveryJerseyProvider   : Using XML encoding codec XStreamXml
2020-10-21 10:37:30.523  INFO 15020 --- [main] c.n.d.provider.DiscoveryJerseyProvider   : Using XML decoding codec XStreamXml
2020-10-21 10:37:30.710  INFO 15020 --- [main] c.n.d.s.r.aws.ConfigClusterResolver      : Resolving eureka endpoints via configuration
2020-10-21 10:37:30.910  INFO 15020 --- [main] com.netflix.discovery.DiscoveryClient    : Disable delta property : false
2020-10-21 10:37:30.911  INFO 15020 --- [main] com.netflix.discovery.DiscoveryClient    : Single vip registry refresh property : null
2020-10-21 10:37:30.911  INFO 15020 --- [main] com.netflix.discovery.DiscoveryClient    : Force full registry fetch : false
2020-10-21 10:37:30.911  INFO 15020 --- [main] com.netflix.discovery.DiscoveryClient    : Application is null : false
2020-10-21 10:37:30.911  INFO 15020 --- [main] com.netflix.discovery.DiscoveryClient    : Registered Applications size is zero : true
2020-10-21 10:37:30.911  INFO 15020 --- [main] com.netflix.discovery.DiscoveryClient    : Application version is -1: true
2020-10-21 10:37:30.911  INFO 15020 --- [main] com.netflix.discovery.DiscoveryClient    : Getting all instance registry info from the eureka server
2020-10-21 10:37:31.062  INFO 15020 --- [main] com.netflix.discovery.DiscoveryClient    : The response status is 200
2020-10-21 10:37:31.065  INFO 15020 --- [main] com.netflix.discovery.DiscoveryClient    : Starting heartbeat executor: renew interval is: 30
2020-10-21 10:37:31.068  INFO 15020 --- [main] c.n.discovery.InstanceInfoReplicator     : InstanceInfoReplicator onDemand update allowed rate per min is 4
2020-10-21 10:37:31.072  INFO 15020 --- [main] com.netflix.discovery.DiscoveryClient    : Discovery Client initialized at timestamp 1603247851071 with initial instances count: 2
2020-10-21 10:37:31.077  INFO 15020 --- [main] o.s.c.n.e.s.EurekaServiceRegistry        : Registering application user-center with eureka with status UP
2020-10-21 10:37:31.077  INFO 15020 --- [main] com.netflix.discovery.DiscoveryClient    : Saw local status change event StatusChangeEvent [timestamp=1603247851077, current=UP, previous=STARTING]
2020-10-21 10:37:31.079  INFO 15020 --- [DiscoveryClient-InstanceInfoReplicator-0] com.netflix.discovery.DiscoveryClient    : DiscoveryClient_USER-CENTER/DESKTOP-E4IRNU3:user-center:7004: registering service...
2020-10-21 10:37:31.084  INFO 15020 --- [main] d.s.w.p.DocumentationPluginsBootstrapper : Context refreshed
2020-10-21 10:37:31.099  INFO 15020 --- [main] d.s.w.p.DocumentationPluginsBootstrapper : Found 1 custom documentation plugin(s)
2020-10-21 10:37:31.118  INFO 15020 --- [DiscoveryClient-InstanceInfoReplicator-0] com.netflix.discovery.DiscoveryClient    : DiscoveryClient_USER-CENTER/DESKTOP-E4IRNU3:user-center:7004 - registration status: 204
2020-10-21 10:37:31.130  INFO 15020 --- [main] s.d.s.w.s.ApiListingReferenceScanner     : Scanning for api listing references
2020-10-21 10:37:31.314  INFO 15020 --- [main] .d.s.w.r.o.CachingOperationNameGenerator : Generating unique operation named: fileUpLoadUsingPOST_1
2020-10-21 10:37:31.359  INFO 15020 --- [main] .d.s.w.r.o.CachingOperationNameGenerator : Generating unique operation named: fileUpLoadUsingPOST_2
2020-10-21 10:37:31.360  INFO 15020 --- [main] .d.s.w.r.o.CachingOperationNameGenerator : Generating unique operation named: getProductUsingGET_1
2020-10-21 10:37:31.361  INFO 15020 --- [main] .d.s.w.r.o.CachingOperationNameGenerator : Generating unique operation named: getProductUsingHEAD_1
2020-10-21 10:37:31.362  INFO 15020 --- [main] .d.s.w.r.o.CachingOperationNameGenerator : Generating unique operation named: getProductUsingPOST_1
2020-10-21 10:37:31.363  INFO 15020 --- [main] .d.s.w.r.o.CachingOperationNameGenerator : Generating unique operation named: getProductUsingPUT_1
2020-10-21 10:37:31.364  INFO 15020 --- [main] .d.s.w.r.o.CachingOperationNameGenerator : Generating unique operation named: getProductUsingPATCH_1
2020-10-21 10:37:31.364  INFO 15020 --- [main] .d.s.w.r.o.CachingOperationNameGenerator : Generating unique operation named: getProductUsingDELETE_1
2020-10-21 10:37:31.365  INFO 15020 --- [main] .d.s.w.r.o.CachingOperationNameGenerator : Generating unique operation named: getProductUsingOPTIONS_1
2020-10-21 10:37:31.365  INFO 15020 --- [main] .d.s.w.r.o.CachingOperationNameGenerator : Generating unique operation named: getProductUsingTRACE_1
2020-10-21 10:37:31.373  INFO 15020 --- [main] .d.s.w.r.o.CachingOperationNameGenerator : Generating unique operation named: LoginUsingPOST_1
2020-10-21 10:37:31.374  INFO 15020 --- [main] .d.s.w.r.o.CachingOperationNameGenerator : Generating unique operation named: UserDetailsUsingGET_1
2020-10-21 10:37:31.390  INFO 15020 --- [main] .d.s.w.r.o.CachingOperationNameGenerator : Generating unique operation named: UserDetailsUsingGET_2
2020-10-21 10:37:31.392  INFO 15020 --- [main] .d.s.w.r.o.CachingOperationNameGenerator : Generating unique operation named: authenticationDisposeUsingPOST_1
2020-10-21 10:37:31.394  INFO 15020 --- [main] .d.s.w.r.o.CachingOperationNameGenerator : Generating unique operation named: authenticationFileUsingPOST_1
2020-10-21 10:37:31.395  INFO 15020 --- [main] .d.s.w.r.o.CachingOperationNameGenerator : Generating unique operation named: authenticationListUsingGET_1
2020-10-21 10:37:31.403  INFO 15020 --- [main] .d.s.w.r.o.CachingOperationNameGenerator : Generating unique operation named: wxLoginUsingGET_1
2020-10-21 10:37:31.417  INFO 15020 --- [main] o.s.a.r.c.CachingConnectionFactory       : Attempting to connect to: [39.100.237.144:5672]
2020-10-21 10:37:31.574  INFO 15020 --- [main] o.s.a.r.c.CachingConnectionFactory       : Created new connection: rabbitConnectionFactory#6e6f5842:0/SimpleConnection@424ebf5b [delegate=amqp://sw@39.100.237.144:5672/, localPort= 60739]
2020-10-21 10:37:32.023  INFO 15020 --- [main] o.s.b.w.embedded.tomcat.TomcatWebServer  : Tomcat started on port(s): 7004 (http) with context path '/user'
2020-10-21 10:37:32.027  INFO 15020 --- [main] c.e.u.c.SecondUserCenterApplication      : Started SecondUserCenterApplication in 9.475 seconds (JVM running for 11.457)
2020-10-21 10:37:32.697  INFO 15020 --- [http-nio-7004-exec-1] o.a.c.c.C.[Tomcat].[localhost].[/user]   : Initializing Spring DispatcherServlet 'dispatcherServlet'
2020-10-21 10:37:32.698  INFO 15020 --- [http-nio-7004-exec-1] o.s.web.servlet.DispatcherServlet        : Initializing Servlet 'dispatcherServlet'
2020-10-21 10:37:32.726  INFO 15020 --- [http-nio-7004-exec-1] o.s.web.servlet.DispatcherServlet        : Completed initialization in 28 ms
2020-10-21 10:37:32.912  WARN 15020 --- [http-nio-7004-exec-1] com.zaxxer.hikari.HikariConfig           : dataSource - idleTimeout is close to or more than maxLifetime, disabling it.
2020-10-21 10:37:32.912  INFO 15020 --- [http-nio-7004-exec-1] com.zaxxer.hikari.HikariDataSource       : dataSource - Starting...
2020-10-21 10:37:33.310  INFO 15020 --- [http-nio-7004-exec-1] com.zaxxer.hikari.HikariDataSource       : dataSource - Start completed.
2020-10-21 10:41:06.938  INFO 10100 --- [main] c.e.u.c.SecondUserCenterApplication      : No active profile set, falling back to default profiles: default
2020-10-21 10:41:08.266  INFO 10100 --- [main] .s.d.r.c.RepositoryConfigurationDelegate : Multiple Spring Data modules found, entering strict repository configuration mode!
2020-10-21 10:41:08.269  INFO 10100 --- [main] .s.d.r.c.RepositoryConfigurationDelegate : Bootstrapping Spring Data repositories in DEFAULT mode.
2020-10-21 10:41:08.442  INFO 10100 --- [main] .s.d.r.c.RepositoryConfigurationDelegate : Finished Spring Data repository scanning in 147ms. Found 0 repository interfaces.
2020-10-21 10:41:08.827  INFO 10100 --- [main] o.s.cloud.context.scope.GenericScope     : BeanFactory id=2f495156-6dd9-36d4-9a3f-e47c301e3537
2020-10-21 10:41:08.873  INFO 10100 --- [main] trationDelegate$BeanPostProcessorChecker : Bean 'org.springframework.amqp.rabbit.annotation.RabbitBootstrapConfiguration' of type [org.springframework.amqp.rabbit.annotation.RabbitBootstrapConfiguration$$EnhancerBySpringCGLIB$$e7ddcff] is not eligible for getting processed by all BeanPostProcessors (for example: not eligible for auto-proxying)
2020-10-21 10:41:08.928  INFO 10100 --- [main] trationDelegate$BeanPostProcessorChecker : Bean 'org.springframework.transaction.annotation.ProxyTransactionManagementConfiguration' of type [org.springframework.transaction.annotation.ProxyTransactionManagementConfiguration$$EnhancerBySpringCGLIB$$48121ed1] is not eligible for getting processed by all BeanPostProcessors (for example: not eligible for auto-proxying)
2020-10-21 10:41:08.971  INFO 10100 --- [main] trationDelegate$BeanPostProcessorChecker : Bean 'org.springframework.security.config.annotation.configuration.ObjectPostProcessorConfiguration' of type [org.springframework.security.config.annotation.configuration.ObjectPostProcessorConfiguration$$EnhancerBySpringCGLIB$$e0bfe70b] is not eligible for getting processed by all BeanPostProcessors (for example: not eligible for auto-proxying)
2020-10-21 10:41:08.981  INFO 10100 --- [main] trationDelegate$BeanPostProcessorChecker : Bean 'objectPostProcessor' of type [org.springframework.security.config.annotation.configuration.AutowireBeanFactoryObjectPostProcessor] is not eligible for getting processed by all BeanPostProcessors (for example: not eligible for auto-proxying)
2020-10-21 10:41:08.982  INFO 10100 --- [main] trationDelegate$BeanPostProcessorChecker : Bean 'org.springframework.security.access.expression.method.DefaultMethodSecurityExpressionHandler@3d40498a' of type [org.springframework.security.access.expression.method.DefaultMethodSecurityExpressionHandler] is not eligible for getting processed by all BeanPostProcessors (for example: not eligible for auto-proxying)
2020-10-21 10:41:08.984  INFO 10100 --- [main] trationDelegate$BeanPostProcessorChecker : Bean 'org.springframework.security.config.annotation.method.configuration.GlobalMethodSecurityConfiguration' of type [org.springframework.security.config.annotation.method.configuration.GlobalMethodSecurityConfiguration$$EnhancerBySpringCGLIB$$59489bd] is not eligible for getting processed by all BeanPostProcessors (for example: not eligible for auto-proxying)
2020-10-21 10:41:08.987  INFO 10100 --- [main] trationDelegate$BeanPostProcessorChecker : Bean 'methodSecurityMetadataSource' of type [org.springframework.security.access.method.DelegatingMethodSecurityMetadataSource] is not eligible for getting processed by all BeanPostProcessors (for example: not eligible for auto-proxying)
2020-10-21 10:41:09.006  INFO 10100 --- [main] trationDelegate$BeanPostProcessorChecker : Bean 'org.springframework.cloud.autoconfigure.ConfigurationPropertiesRebinderAutoConfiguration' of type [org.springframework.cloud.autoconfigure.ConfigurationPropertiesRebinderAutoConfiguration$$EnhancerBySpringCGLIB$$642c21ce] is not eligible for getting processed by all BeanPostProcessors (for example: not eligible for auto-proxying)
2020-10-21 10:41:09.364  INFO 10100 --- [main] o.s.b.w.embedded.tomcat.TomcatWebServer  : Tomcat initialized with port(s): 7004 (http)
2020-10-21 10:41:09.390  INFO 10100 --- [main] o.apache.catalina.core.StandardService   : Starting service [Tomcat]
2020-10-21 10:41:09.391  INFO 10100 --- [main] org.apache.catalina.core.StandardEngine  : Starting Servlet engine: [Apache Tomcat/9.0.16]
2020-10-21 10:41:09.397  INFO 10100 --- [main] o.a.catalina.core.AprLifecycleListener   : The APR based Apache Tomcat Native library which allows optimal performance in production environments was not found on the java.library.path: [C:\Program Files\Java\jdk-11.0.6\bin;C:\WINDOWS\Sun\Java\bin;C:\WINDOWS\system32;C:\WINDOWS;C:\Program Files (x86)\Common Files\Oracle\Java\javapath;C:\WINDOWS\system32;C:\WINDOWS;C:\WINDOWS\System32\Wbem;C:\WINDOWS\System32\WindowsPowerShell\v1.0\;C:\WINDOWS\System32\OpenSSH\;C:\Program Files\Git\cmd;C:\Program Files\Java\jdk1.8.0_212\bin;C:\Program Files\Java\jdk1.8.0_212\jre\bin;D:\nodejs\;C:\Users\MACHENIKE\AppData\Local\Microsoft\WindowsApps;C:\Users\MACHENIKE\AppData\Roaming\npm;D:\Microsoft VS Code\bin;.]
2020-10-21 10:41:09.783  INFO 10100 --- [main] o.a.c.c.C.[Tomcat].[localhost].[/user]   : Initializing Spring embedded WebApplicationContext
2020-10-21 10:41:09.783  INFO 10100 --- [main] o.s.web.context.ContextLoader            : Root WebApplicationContext: initialization completed in 2814 ms
2020-10-21 10:41:11.647  INFO 10100 --- [main] c.e.u.c.config.RedisCacheConfiguration   : JedisPool注入成功！！
2020-10-21 10:41:11.647  INFO 10100 --- [main] c.e.u.c.config.RedisCacheConfiguration   : redis地址：39.100.237.144:16379
2020-10-21 10:41:11.707  INFO 10100 --- [main] pertySourcedRequestMappingHandlerMapping : Mapped URL path [/v2/api-docs] onto method [public org.springframework.http.ResponseEntity<springfox.documentation.spring.web.json.Json> springfox.documentation.swagger2.web.Swagger2Controller.getDocumentation(java.lang.String,javax.servlet.http.HttpServletRequest)]
2020-10-21 10:41:11.748  WARN 10100 --- [main] c.n.c.sources.URLConfigurationSource     : No URLs will be polled as dynamic configuration sources.
2020-10-21 10:41:11.748  INFO 10100 --- [main] c.n.c.sources.URLConfigurationSource     : To enable URLs as dynamic configuration sources, define System property archaius.configurationSource.additionalUrls or make config.properties available on classpath.
2020-10-21 10:41:11.752  WARN 10100 --- [main] c.n.c.sources.URLConfigurationSource     : No URLs will be polled as dynamic configuration sources.
2020-10-21 10:41:11.753  INFO 10100 --- [main] c.n.c.sources.URLConfigurationSource     : To enable URLs as dynamic configuration sources, define System property archaius.configurationSource.additionalUrls or make config.properties available on classpath.
2020-10-21 10:41:11.870  INFO 10100 --- [main] o.s.s.concurrent.ThreadPoolTaskExecutor  : Initializing ExecutorService 'applicationTaskExecutor'
2020-10-21 10:41:12.398  INFO 10100 --- [main] o.s.s.web.DefaultSecurityFilterChain     : Creating filter chain: Ant [pattern='/index.html'], []
2020-10-21 10:41:12.398  INFO 10100 --- [main] o.s.s.web.DefaultSecurityFilterChain     : Creating filter chain: Ant [pattern='/static/**'], []
2020-10-21 10:41:12.398  INFO 10100 --- [main] o.s.s.web.DefaultSecurityFilterChain     : Creating filter chain: Ant [pattern='/login_p'], []
2020-10-21 10:41:12.398  INFO 10100 --- [main] o.s.s.web.DefaultSecurityFilterChain     : Creating filter chain: Ant [pattern='/favicon.ico'], []
2020-10-21 10:41:12.398  INFO 10100 --- [main] o.s.s.web.DefaultSecurityFilterChain     : Creating filter chain: Ant [pattern='/swagger-ui.html'], []
2020-10-21 10:41:12.398  INFO 10100 --- [main] o.s.s.web.DefaultSecurityFilterChain     : Creating filter chain: Ant [pattern='/swagger-resources/**'], []
2020-10-21 10:41:12.398  INFO 10100 --- [main] o.s.s.web.DefaultSecurityFilterChain     : Creating filter chain: Ant [pattern='/images/**'], []
2020-10-21 10:41:12.398  INFO 10100 --- [main] o.s.s.web.DefaultSecurityFilterChain     : Creating filter chain: Ant [pattern='/webjars/**'], []
2020-10-21 10:41:12.398  INFO 10100 --- [main] o.s.s.web.DefaultSecurityFilterChain     : Creating filter chain: Ant [pattern='/v2/api-docs'], []
2020-10-21 10:41:12.398  INFO 10100 --- [main] o.s.s.web.DefaultSecurityFilterChain     : Creating filter chain: Ant [pattern='/configuration/ui'], []
2020-10-21 10:41:12.398  INFO 10100 --- [main] o.s.s.web.DefaultSecurityFilterChain     : Creating filter chain: Ant [pattern='/configuration/security'], []
2020-10-21 10:41:12.398  INFO 10100 --- [main] o.s.s.web.DefaultSecurityFilterChain     : Creating filter chain: Ant [pattern='/MiniLoginController/**'], []
2020-10-21 10:41:12.398  INFO 10100 --- [main] o.s.s.web.DefaultSecurityFilterChain     : Creating filter chain: Ant [pattern='/**/**'], []
2020-10-21 10:41:12.399  INFO 10100 --- [main] o.s.s.web.DefaultSecurityFilterChain     : Creating filter chain: Ant [pattern='/**', OPTIONS], []
2020-10-21 10:41:12.434  INFO 10100 --- [main] o.s.s.web.DefaultSecurityFilterChain     : Creating filter chain: any request, [org.springframework.security.web.context.request.async.WebAsyncManagerIntegrationFilter@5a6d4dee, org.springframework.security.web.context.SecurityContextPersistenceFilter@75d9b73c, org.springframework.security.web.header.HeaderWriterFilter@1a99744a, org.springframework.security.web.authentication.logout.LogoutFilter@1e487d57, org.springframework.security.web.authentication.UsernamePasswordAuthenticationFilter@2932721e, org.springframework.security.web.authentication.ui.DefaultLoginPageGeneratingFilter@54c17a2b, org.springframework.security.web.authentication.ui.DefaultLogoutPageGeneratingFilter@6447dc25, org.springframework.security.web.authentication.www.BasicAuthenticationFilter@66c32e15, org.springframework.security.web.savedrequest.RequestCacheAwareFilter@5a08d301, org.springframework.security.web.servletapi.SecurityContextHolderAwareRequestFilter@677274e7, org.springframework.security.web.authentication.AnonymousAuthenticationFilter@705dc1a6, org.springframework.security.web.session.SessionManagementFilter@66d73e2d, org.springframework.security.web.access.ExceptionTranslationFilter@6e475994, org.springframework.security.web.access.intercept.FilterSecurityInterceptor@542aec6]
2020-10-21 10:41:12.455  INFO 10100 --- [main] o.s.s.c.ThreadPoolTaskScheduler          : Initializing ExecutorService 'taskScheduler'
2020-10-21 10:41:13.306  INFO 10100 --- [main] o.s.c.n.eureka.InstanceInfoFactory       : Setting initial instance status as: STARTING
2020-10-21 10:41:13.337  INFO 10100 --- [main] com.netflix.discovery.DiscoveryClient    : Initializing Eureka in region us-east-1
2020-10-21 10:41:13.385  INFO 10100 --- [main] c.n.d.provider.DiscoveryJerseyProvider   : Using JSON encoding codec LegacyJacksonJson
2020-10-21 10:41:13.385  INFO 10100 --- [main] c.n.d.provider.DiscoveryJerseyProvider   : Using JSON decoding codec LegacyJacksonJson
2020-10-21 10:41:13.547  INFO 10100 --- [main] c.n.d.provider.DiscoveryJerseyProvider   : Using XML encoding codec XStreamXml
2020-10-21 10:41:13.547  INFO 10100 --- [main] c.n.d.provider.DiscoveryJerseyProvider   : Using XML decoding codec XStreamXml
2020-10-21 10:41:13.754  INFO 10100 --- [main] c.n.d.s.r.aws.ConfigClusterResolver      : Resolving eureka endpoints via configuration
2020-10-21 10:41:13.927  INFO 10100 --- [main] com.netflix.discovery.DiscoveryClient    : Disable delta property : false
2020-10-21 10:41:13.927  INFO 10100 --- [main] com.netflix.discovery.DiscoveryClient    : Single vip registry refresh property : null
2020-10-21 10:41:13.927  INFO 10100 --- [main] com.netflix.discovery.DiscoveryClient    : Force full registry fetch : false
2020-10-21 10:41:13.927  INFO 10100 --- [main] com.netflix.discovery.DiscoveryClient    : Application is null : false
2020-10-21 10:41:13.927  INFO 10100 --- [main] com.netflix.discovery.DiscoveryClient    : Registered Applications size is zero : true
2020-10-21 10:41:13.928  INFO 10100 --- [main] com.netflix.discovery.DiscoveryClient    : Application version is -1: true
2020-10-21 10:41:13.928  INFO 10100 --- [main] com.netflix.discovery.DiscoveryClient    : Getting all instance registry info from the eureka server
2020-10-21 10:41:14.102  INFO 10100 --- [main] com.netflix.discovery.DiscoveryClient    : The response status is 200
2020-10-21 10:41:14.105  INFO 10100 --- [main] com.netflix.discovery.DiscoveryClient    : Starting heartbeat executor: renew interval is: 30
2020-10-21 10:41:14.108  INFO 10100 --- [main] c.n.discovery.InstanceInfoReplicator     : InstanceInfoReplicator onDemand update allowed rate per min is 4
2020-10-21 10:41:14.112  INFO 10100 --- [main] com.netflix.discovery.DiscoveryClient    : Discovery Client initialized at timestamp 1603248074111 with initial instances count: 2
2020-10-21 10:41:14.116  INFO 10100 --- [main] o.s.c.n.e.s.EurekaServiceRegistry        : Registering application user-center with eureka with status UP
2020-10-21 10:41:14.116  INFO 10100 --- [main] com.netflix.discovery.DiscoveryClient    : Saw local status change event StatusChangeEvent [timestamp=1603248074116, current=UP, previous=STARTING]
2020-10-21 10:41:14.118  INFO 10100 --- [DiscoveryClient-InstanceInfoReplicator-0] com.netflix.discovery.DiscoveryClient    : DiscoveryClient_USER-CENTER/DESKTOP-E4IRNU3:user-center:7004: registering service...
2020-10-21 10:41:14.122  INFO 10100 --- [main] d.s.w.p.DocumentationPluginsBootstrapper : Context refreshed
2020-10-21 10:41:14.137  INFO 10100 --- [main] d.s.w.p.DocumentationPluginsBootstrapper : Found 1 custom documentation plugin(s)
2020-10-21 10:41:14.161  INFO 10100 --- [DiscoveryClient-InstanceInfoReplicator-0] com.netflix.discovery.DiscoveryClient    : DiscoveryClient_USER-CENTER/DESKTOP-E4IRNU3:user-center:7004 - registration status: 204
2020-10-21 10:41:14.178  INFO 10100 --- [main] s.d.s.w.s.ApiListingReferenceScanner     : Scanning for api listing references
2020-10-21 10:41:14.400  INFO 10100 --- [main] .d.s.w.r.o.CachingOperationNameGenerator : Generating unique operation named: fileUpLoadUsingPOST_1
2020-10-21 10:41:14.426  INFO 10100 --- [main] .d.s.w.r.o.CachingOperationNameGenerator : Generating unique operation named: fileUpLoadUsingPOST_2
2020-10-21 10:41:14.427  INFO 10100 --- [main] .d.s.w.r.o.CachingOperationNameGenerator : Generating unique operation named: getProductUsingGET_1
2020-10-21 10:41:14.428  INFO 10100 --- [main] .d.s.w.r.o.CachingOperationNameGenerator : Generating unique operation named: getProductUsingHEAD_1
2020-10-21 10:41:14.429  INFO 10100 --- [main] .d.s.w.r.o.CachingOperationNameGenerator : Generating unique operation named: getProductUsingPOST_1
2020-10-21 10:41:14.429  INFO 10100 --- [main] .d.s.w.r.o.CachingOperationNameGenerator : Generating unique operation named: getProductUsingPUT_1
2020-10-21 10:41:14.430  INFO 10100 --- [main] .d.s.w.r.o.CachingOperationNameGenerator : Generating unique operation named: getProductUsingPATCH_1
2020-10-21 10:41:14.430  INFO 10100 --- [main] .d.s.w.r.o.CachingOperationNameGenerator : Generating unique operation named: getProductUsingDELETE_1
2020-10-21 10:41:14.441  INFO 10100 --- [main] .d.s.w.r.o.CachingOperationNameGenerator : Generating unique operation named: getProductUsingOPTIONS_1
2020-10-21 10:41:14.442  INFO 10100 --- [main] .d.s.w.r.o.CachingOperationNameGenerator : Generating unique operation named: getProductUsingTRACE_1
2020-10-21 10:41:14.450  INFO 10100 --- [main] .d.s.w.r.o.CachingOperationNameGenerator : Generating unique operation named: LoginUsingPOST_1
2020-10-21 10:41:14.452  INFO 10100 --- [main] .d.s.w.r.o.CachingOperationNameGenerator : Generating unique operation named: UserDetailsUsingGET_1
2020-10-21 10:41:14.464  INFO 10100 --- [main] .d.s.w.r.o.CachingOperationNameGenerator : Generating unique operation named: UserDetailsUsingGET_2
2020-10-21 10:41:14.465  INFO 10100 --- [main] .d.s.w.r.o.CachingOperationNameGenerator : Generating unique operation named: authenticationDisposeUsingPOST_1
2020-10-21 10:41:14.467  INFO 10100 --- [main] .d.s.w.r.o.CachingOperationNameGenerator : Generating unique operation named: authenticationFileUsingPOST_1
2020-10-21 10:41:14.468  INFO 10100 --- [main] .d.s.w.r.o.CachingOperationNameGenerator : Generating unique operation named: authenticationListUsingGET_1
2020-10-21 10:41:14.478  INFO 10100 --- [main] .d.s.w.r.o.CachingOperationNameGenerator : Generating unique operation named: wxLoginUsingGET_1
2020-10-21 10:41:14.488  INFO 10100 --- [main] o.s.a.r.c.CachingConnectionFactory       : Attempting to connect to: [39.100.237.144:5672]
2020-10-21 10:41:14.616  INFO 10100 --- [main] o.s.a.r.c.CachingConnectionFactory       : Created new connection: rabbitConnectionFactory#1d535b78:0/SimpleConnection@2fb171f5 [delegate=amqp://sw@39.100.237.144:5672/, localPort= 61139]
2020-10-21 10:41:15.072  INFO 10100 --- [main] o.s.b.w.embedded.tomcat.TomcatWebServer  : Tomcat started on port(s): 7004 (http) with context path '/user'
2020-10-21 10:41:15.075  INFO 10100 --- [main] c.e.u.c.SecondUserCenterApplication      : Started SecondUserCenterApplication in 9.78 seconds (JVM running for 11.847)
2020-10-21 10:41:19.472  INFO 10100 --- [http-nio-7004-exec-1] o.a.c.c.C.[Tomcat].[localhost].[/user]   : Initializing Spring DispatcherServlet 'dispatcherServlet'
2020-10-21 10:41:19.473  INFO 10100 --- [http-nio-7004-exec-1] o.s.web.servlet.DispatcherServlet        : Initializing Servlet 'dispatcherServlet'
2020-10-21 10:41:19.485  INFO 10100 --- [http-nio-7004-exec-1] o.s.web.servlet.DispatcherServlet        : Completed initialization in 12 ms
2020-10-21 10:41:19.574  WARN 10100 --- [http-nio-7004-exec-1] com.zaxxer.hikari.HikariConfig           : dataSource - idleTimeout is close to or more than maxLifetime, disabling it.
2020-10-21 10:41:19.574  INFO 10100 --- [http-nio-7004-exec-1] com.zaxxer.hikari.HikariDataSource       : dataSource - Starting...
2020-10-21 10:41:19.902  INFO 10100 --- [http-nio-7004-exec-1] com.zaxxer.hikari.HikariDataSource       : dataSource - Start completed.
2020-10-21 10:41:20.026 ERROR 10100 --- [http-nio-7004-exec-1] o.a.c.c.C.[.[.[.[dispatcherServlet]      : Servlet.service() for servlet [dispatcherServlet] in context with path [/user] threw exception [Request processing failed; nested exception is java.lang.NullPointerException] with root cause

java.lang.NullPointerException: null
	at com.example.user.center.controller.SonLoginController.sonCity(SonLoginController.java:426) ~[classes/:na]
	at java.base/jdk.internal.reflect.NativeMethodAccessorImpl.invoke0(Native Method) ~[na:na]
	at java.base/jdk.internal.reflect.NativeMethodAccessorImpl.invoke(NativeMethodAccessorImpl.java:62) ~[na:na]
	at java.base/jdk.internal.reflect.DelegatingMethodAccessorImpl.invoke(DelegatingMethodAccessorImpl.java:43) ~[na:na]
	at java.base/java.lang.reflect.Method.invoke(Method.java:566) ~[na:na]
	at org.springframework.web.method.support.InvocableHandlerMethod.doInvoke(InvocableHandlerMethod.java:189) ~[spring-web-5.1.5.RELEASE.jar:5.1.5.RELEASE]
	at org.springframework.web.method.support.InvocableHandlerMethod.invokeForRequest(InvocableHandlerMethod.java:138) ~[spring-web-5.1.5.RELEASE.jar:5.1.5.RELEASE]
	at org.springframework.web.servlet.mvc.method.annotation.ServletInvocableHandlerMethod.invokeAndHandle(ServletInvocableHandlerMethod.java:102) ~[spring-webmvc-5.1.5.RELEASE.jar:5.1.5.RELEASE]
	at org.springframework.web.servlet.mvc.method.annotation.RequestMappingHandlerAdapter.invokeHandlerMethod(RequestMappingHandlerAdapter.java:895) ~[spring-webmvc-5.1.5.RELEASE.jar:5.1.5.RELEASE]
	at org.springframework.web.servlet.mvc.method.annotation.RequestMappingHandlerAdapter.handleInternal(RequestMappingHandlerAdapter.java:800) ~[spring-webmvc-5.1.5.RELEASE.jar:5.1.5.RELEASE]
	at org.springframework.web.servlet.mvc.method.AbstractHandlerMethodAdapter.handle(AbstractHandlerMethodAdapter.java:87) ~[spring-webmvc-5.1.5.RELEASE.jar:5.1.5.RELEASE]
	at org.springframework.web.servlet.DispatcherServlet.doDispatch(DispatcherServlet.java:1038) ~[spring-webmvc-5.1.5.RELEASE.jar:5.1.5.RELEASE]
	at org.springframework.web.servlet.DispatcherServlet.doService(DispatcherServlet.java:942) ~[spring-webmvc-5.1.5.RELEASE.jar:5.1.5.RELEASE]
	at org.springframework.web.servlet.FrameworkServlet.processRequest(FrameworkServlet.java:1005) ~[spring-webmvc-5.1.5.RELEASE.jar:5.1.5.RELEASE]
	at org.springframework.web.servlet.FrameworkServlet.doGet(FrameworkServlet.java:897) ~[spring-webmvc-5.1.5.RELEASE.jar:5.1.5.RELEASE]
	at javax.servlet.http.HttpServlet.service(HttpServlet.java:634) ~[tomcat-embed-core-9.0.16.jar:9.0.16]
	at org.springframework.web.servlet.FrameworkServlet.service(FrameworkServlet.java:882) ~[spring-webmvc-5.1.5.RELEASE.jar:5.1.5.RELEASE]
	at javax.servlet.http.HttpServlet.service(HttpServlet.java:741) ~[tomcat-embed-core-9.0.16.jar:9.0.16]
	at org.apache.catalina.core.ApplicationFilterChain.internalDoFilter(ApplicationFilterChain.java:231) ~[tomcat-embed-core-9.0.16.jar:9.0.16]
	at org.apache.catalina.core.ApplicationFilterChain.doFilter(ApplicationFilterChain.java:166) ~[tomcat-embed-core-9.0.16.jar:9.0.16]
	at org.apache.tomcat.websocket.server.WsFilter.doFilter(WsFilter.java:53) ~[tomcat-embed-websocket-9.0.16.jar:9.0.16]
	at org.apache.catalina.core.ApplicationFilterChain.internalDoFilter(ApplicationFilterChain.java:193) ~[tomcat-embed-core-9.0.16.jar:9.0.16]
	at org.apache.catalina.core.ApplicationFilterChain.doFilter(ApplicationFilterChain.java:166) ~[tomcat-embed-core-9.0.16.jar:9.0.16]
	at org.springframework.security.web.FilterChainProxy.doFilterInternal(FilterChainProxy.java:209) ~[spring-security-web-5.1.4.RELEASE.jar:5.1.4.RELEASE]
	at org.springframework.security.web.FilterChainProxy.doFilter(FilterChainProxy.java:178) ~[spring-security-web-5.1.4.RELEASE.jar:5.1.4.RELEASE]
	at org.springframework.web.filter.DelegatingFilterProxy.invokeDelegate(DelegatingFilterProxy.java:357) ~[spring-web-5.1.5.RELEASE.jar:5.1.5.RELEASE]
	at org.springframework.web.filter.DelegatingFilterProxy.doFilter(DelegatingFilterProxy.java:270) ~[spring-web-5.1.5.RELEASE.jar:5.1.5.RELEASE]
	at org.apache.catalina.core.ApplicationFilterChain.internalDoFilter(ApplicationFilterChain.java:193) ~[tomcat-embed-core-9.0.16.jar:9.0.16]
	at org.apache.catalina.core.ApplicationFilterChain.doFilter(ApplicationFilterChain.java:166) ~[tomcat-embed-core-9.0.16.jar:9.0.16]
	at org.springframework.web.filter.RequestContextFilter.doFilterInternal(RequestContextFilter.java:99) ~[spring-web-5.1.5.RELEASE.jar:5.1.5.RELEASE]
	at org.springframework.web.filter.OncePerRequestFilter.doFilter(OncePerRequestFilter.java:107) ~[spring-web-5.1.5.RELEASE.jar:5.1.5.RELEASE]
	at org.apache.catalina.core.ApplicationFilterChain.internalDoFilter(ApplicationFilterChain.java:193) ~[tomcat-embed-core-9.0.16.jar:9.0.16]
	at org.apache.catalina.core.ApplicationFilterChain.doFilter(ApplicationFilterChain.java:166) ~[tomcat-embed-core-9.0.16.jar:9.0.16]
	at org.springframework.web.filter.FormContentFilter.doFilterInternal(FormContentFilter.java:92) ~[spring-web-5.1.5.RELEASE.jar:5.1.5.RELEASE]
	at org.springframework.web.filter.OncePerRequestFilter.doFilter(OncePerRequestFilter.java:107) ~[spring-web-5.1.5.RELEASE.jar:5.1.5.RELEASE]
	at org.apache.catalina.core.ApplicationFilterChain.internalDoFilter(ApplicationFilterChain.java:193) ~[tomcat-embed-core-9.0.16.jar:9.0.16]
	at org.apache.catalina.core.ApplicationFilterChain.doFilter(ApplicationFilterChain.java:166) ~[tomcat-embed-core-9.0.16.jar:9.0.16]
	at org.springframework.web.filter.HiddenHttpMethodFilter.doFilterInternal(HiddenHttpMethodFilter.java:93) ~[spring-web-5.1.5.RELEASE.jar:5.1.5.RELEASE]
	at org.springframework.web.filter.OncePerRequestFilter.doFilter(OncePerRequestFilter.java:107) ~[spring-web-5.1.5.RELEASE.jar:5.1.5.RELEASE]
	at org.apache.catalina.core.ApplicationFilterChain.internalDoFilter(ApplicationFilterChain.java:193) ~[tomcat-embed-core-9.0.16.jar:9.0.16]
	at org.apache.catalina.core.ApplicationFilterChain.doFilter(ApplicationFilterChain.java:166) ~[tomcat-embed-core-9.0.16.jar:9.0.16]
	at org.springframework.web.filter.CharacterEncodingFilter.doFilterInternal(CharacterEncodingFilter.java:200) ~[spring-web-5.1.5.RELEASE.jar:5.1.5.RELEASE]
	at org.springframework.web.filter.OncePerRequestFilter.doFilter(OncePerRequestFilter.java:107) ~[spring-web-5.1.5.RELEASE.jar:5.1.5.RELEASE]
	at org.apache.catalina.core.ApplicationFilterChain.internalDoFilter(ApplicationFilterChain.java:193) ~[tomcat-embed-core-9.0.16.jar:9.0.16]
	at org.apache.catalina.core.ApplicationFilterChain.doFilter(ApplicationFilterChain.java:166) ~[tomcat-embed-core-9.0.16.jar:9.0.16]
	at org.apache.catalina.core.StandardWrapperValve.invoke(StandardWrapperValve.java:200) ~[tomcat-embed-core-9.0.16.jar:9.0.16]
	at org.apache.catalina.core.StandardContextValve.invoke(StandardContextValve.java:96) ~[tomcat-embed-core-9.0.16.jar:9.0.16]
	at org.apache.catalina.authenticator.AuthenticatorBase.invoke(AuthenticatorBase.java:490) ~[tomcat-embed-core-9.0.16.jar:9.0.16]
	at org.apache.catalina.core.StandardHostValve.invoke(StandardHostValve.java:139) ~[tomcat-embed-core-9.0.16.jar:9.0.16]
	at org.apache.catalina.valves.ErrorReportValve.invoke(ErrorReportValve.java:92) ~[tomcat-embed-core-9.0.16.jar:9.0.16]
	at org.apache.catalina.core.StandardEngineValve.invoke(StandardEngineValve.java:74) ~[tomcat-embed-core-9.0.16.jar:9.0.16]
	at org.apache.catalina.connector.CoyoteAdapter.service(CoyoteAdapter.java:343) ~[tomcat-embed-core-9.0.16.jar:9.0.16]
	at org.apache.coyote.http11.Http11Processor.service(Http11Processor.java:408) ~[tomcat-embed-core-9.0.16.jar:9.0.16]
	at org.apache.coyote.AbstractProcessorLight.process(AbstractProcessorLight.java:66) ~[tomcat-embed-core-9.0.16.jar:9.0.16]
	at org.apache.coyote.AbstractProtocol$ConnectionHandler.process(AbstractProtocol.java:834) ~[tomcat-embed-core-9.0.16.jar:9.0.16]
	at org.apache.tomcat.util.net.NioEndpoint$SocketProcessor.doRun(NioEndpoint.java:1415) ~[tomcat-embed-core-9.0.16.jar:9.0.16]
	at org.apache.tomcat.util.net.SocketProcessorBase.run(SocketProcessorBase.java:49) ~[tomcat-embed-core-9.0.16.jar:9.0.16]
	at java.base/java.util.concurrent.ThreadPoolExecutor.runWorker(ThreadPoolExecutor.java:1128) ~[na:na]
	at java.base/java.util.concurrent.ThreadPoolExecutor$Worker.run(ThreadPoolExecutor.java:628) ~[na:na]
	at org.apache.tomcat.util.threads.TaskThread$WrappingRunnable.run(TaskThread.java:61) ~[tomcat-embed-core-9.0.16.jar:9.0.16]
	at java.base/java.lang.Thread.run(Thread.java:834) ~[na:na]

2020-10-21 10:46:13.932  INFO 10100 --- [AsyncResolver-bootstrap-executor-0] c.n.d.s.r.aws.ConfigClusterResolver      : Resolving eureka endpoints via configuration
2020-10-21 10:51:13.934  INFO 10100 --- [AsyncResolver-bootstrap-executor-0] c.n.d.s.r.aws.ConfigClusterResolver      : Resolving eureka endpoints via configuration
2020-10-21 10:56:13.937  INFO 10100 --- [AsyncResolver-bootstrap-executor-0] c.n.d.s.r.aws.ConfigClusterResolver      : Resolving eureka endpoints via configuration
2020-10-21 11:01:13.939  INFO 10100 --- [AsyncResolver-bootstrap-executor-0] c.n.d.s.r.aws.ConfigClusterResolver      : Resolving eureka endpoints via configuration
2020-10-21 11:06:13.942  INFO 10100 --- [AsyncResolver-bootstrap-executor-0] c.n.d.s.r.aws.ConfigClusterResolver      : Resolving eureka endpoints via configuration
2020-10-21 11:11:13.944  INFO 10100 --- [AsyncResolver-bootstrap-executor-0] c.n.d.s.r.aws.ConfigClusterResolver      : Resolving eureka endpoints via configuration
2020-10-21 11:16:13.946  INFO 10100 --- [AsyncResolver-bootstrap-executor-0] c.n.d.s.r.aws.ConfigClusterResolver      : Resolving eureka endpoints via configuration
